{
  "RSpec": {
    "coverage": {
      "/Users/jordan/Documents/Coding/TechTests/SmartPension/spec/parse_spec.rb": [
        1,
        null,
        1,
        null,
        1,
        1,
        1,
        null,
        null,
        null,
        null
      ],
      "/Users/jordan/Documents/Coding/TechTests/SmartPension/lib/parse.rb": [
        1,
        null,
        1,
        1,
        1,
        500,
        null,
        1,
        null,
        null,
        null
      ]
    },
    "timestamp": 1562179836
  }
}
